<?xml version="1.0" encoding="UTF-8"?>
<!-- Generated by org.testng.reporters.JUnitXMLReporter -->
<testsuite ignored="0" hostname="PrabhuDELL" failures="0" tests="4" name="GRTests" time="3.956" errors="0" timestamp="2024-08-07T18:13:46 EDT">
  <testcase classname="api_test.UserTests2" name="testPostUser" time="2.195"/>
  <testcase classname="api_test.UserTests2" name="testGetUser" time="0.488"/>
  <testcase classname="api_test.UserTests2" name="testUpdateUser" time="0.482"/>
  <testcase classname="api_test.UserTests2" name="testDeleteUser" time="0.473"/>
</testsuite> <!-- GRTests -->
