<?xml version="1.0" encoding="UTF-8"?>
<!-- Generated by org.testng.reporters.JUnitXMLReporter -->
<testsuite ignored="0" hostname="PrabhuDELL" failures="0" tests="18" name="Default test" time="13.503" errors="0" timestamp="2024-08-06T19:12:06 EDT">
  <testcase classname="api_test.DDTest" name="testPostUser" time="2.483"/>
  <testcase classname="api_test.DDTest" name="testPostUser" time="0.841"/>
  <testcase classname="api_test.DDTest" name="testPostUser" time="0.413"/>
  <testcase classname="api_test.DDTest" name="testPostUser" time="0.866"/>
  <testcase classname="api_test.DDTest" name="testPostUser" time="0.456"/>
  <testcase classname="api_test.DDTest" name="testPostUser" time="0.502"/>
  <testcase classname="api_test.DDTest" name="testPostUser" time="0.446"/>
  <testcase classname="api_test.DDTest" name="testPostUser" time="0.486"/>
  <testcase classname="api_test.DDTest" name="testPostUser" time="0.511"/>
  <testcase classname="api_test.DDTest" name="testDeleteUser" time="0.427"/>
  <testcase classname="api_test.DDTest" name="testDeleteUser" time="0.45"/>
  <testcase classname="api_test.DDTest" name="testDeleteUser" time="0.409"/>
  <testcase classname="api_test.DDTest" name="testDeleteUser" time="0.405"/>
  <testcase classname="api_test.DDTest" name="testDeleteUser" time="0.685"/>
  <testcase classname="api_test.DDTest" name="testDeleteUser" time="1.007"/>
  <testcase classname="api_test.DDTest" name="testDeleteUser" time="0.844"/>
  <testcase classname="api_test.DDTest" name="testDeleteUser" time="0.428"/>
  <testcase classname="api_test.DDTest" name="testDeleteUser" time="0.654"/>
</testsuite> <!-- Default test -->
