<?xml version="1.0" encoding="UTF-8"?>
<testng-results ignored="0" total="4" passed="4" failed="0" skipped="0">
  <reporter-output>
  </reporter-output>
  <suite started-at="2024-08-07T19:12:02 EDT" name="GRSuite" finished-at="2024-08-07T19:12:06 EDT" duration-ms="3832">
    <groups>
    </groups>
    <test started-at="2024-08-07T19:12:02 EDT" name="GRTests" finished-at="2024-08-07T19:12:06 EDT" duration-ms="3832">
      <class name="api_test.UserTests2">
        <test-method is-config="true" signature="setUpData()[pri:0, instance:api_test.UserTests2@72758afa]" started-at="2024-08-07T19:12:02 EDT" name="setUpData" finished-at="2024-08-07T19:12:02 EDT" duration-ms="169" status="PASS">
          <reporter-output>
          </reporter-output>
        </test-method> <!-- setUpData -->
        <test-method signature="testPostUser()[pri:1, instance:api_test.UserTests2@72758afa]" started-at="2024-08-07T19:12:02 EDT" name="testPostUser" finished-at="2024-08-07T19:12:05 EDT" duration-ms="2058" status="PASS">
          <reporter-output>
          </reporter-output>
        </test-method> <!-- testPostUser -->
        <test-method signature="testGetUser()[pri:2, instance:api_test.UserTests2@72758afa]" started-at="2024-08-07T19:12:05 EDT" name="testGetUser" finished-at="2024-08-07T19:12:05 EDT" duration-ms="512" status="PASS">
          <reporter-output>
          </reporter-output>
        </test-method> <!-- testGetUser -->
        <test-method signature="testUpdateUser()[pri:3, instance:api_test.UserTests2@72758afa]" started-at="2024-08-07T19:12:05 EDT" name="testUpdateUser" finished-at="2024-08-07T19:12:05 EDT" duration-ms="455" status="PASS">
          <reporter-output>
          </reporter-output>
        </test-method> <!-- testUpdateUser -->
        <test-method signature="testDeleteUser()[pri:4, instance:api_test.UserTests2@72758afa]" started-at="2024-08-07T19:12:05 EDT" name="testDeleteUser" finished-at="2024-08-07T19:12:06 EDT" duration-ms="485" status="PASS">
          <reporter-output>
          </reporter-output>
        </test-method> <!-- testDeleteUser -->
      </class> <!-- api_test.UserTests2 -->
    </test> <!-- GRTests -->
  </suite> <!-- GRSuite -->
</testng-results>
