<?xml version="1.0" encoding="UTF-8"?>
<testsuite xmlns:xsi="http://www.w3.org/2001/XMLSchema-instance" xsi:noNamespaceSchemaLocation="https://maven.apache.org/surefire/maven-surefire-plugin/xsd/surefire-test-report.xsd" version="3.0.2" name="TestSuite" time="4.709" tests="4" errors="0" skipped="0" failures="0">
  <properties>
[...]
</properties>
  <testcase name="testPostUser" classname="api_test.UserTests2" time="2.058">
    <system-out><![CDATA[HTTP/1.1 201 Created
Date: Wed, 07 Aug 2024 23:12:04 GMT
Content-Type: application/json; charset=utf-8
Content-Length: 111
Connection: keep-alive
Cache-Control: max-age=0, private, must-revalidate
etag: W/"47c35af54a9b5725f213a145fd4c2af3"
location: https://gorest.co.in/public/v2/users/7309960
referrer-policy: strict-origin-when-cross-origin
vary: Origin
x-content-type-options: nosniff
x-download-options: noopen
x-frame-options: SAMEORIGIN
x-permitted-cross-domain-policies: none
x-ratelimit-limit: 90
x-ratelimit-remaining: 87
x-ratelimit-reset: 1
x-request-id: 1af13222-e709-46d9-9cba-5141734ea9ed
x-runtime: 0.071552
x-xss-protection: 0
CF-Cache-Status: DYNAMIC
Report-To: {"endpoints":[{"url":"https:\/\/a.nel.cloudflare.com\/report\/v4?s=jSYPJLKRJf%2F0yDhR%2Fgr6xXjkM9GfUmCxcv5Y6NqXY2%2FrKKgOSg%2BD5IQNzg0Ac6Jo55%2B14wnFWUOyR%2Brdw624VeCtVqHeFVX0p1fGWf1Bfk%2BW0bbd%2F5hDzrlM6HRZ8wA%3D"}],"group":"cf-nel","max_age":604800}
NEL: {"success_fraction":0,"report_to":"cf-nel","max_age":604800}
Server: cloudflare
CF-RAY: 8afaf30acbe3c970-IAD
alt-svc: h3=":443"; ma=86400

{
    "id": 7309960,
    "name": "Sallie Gislason",
    "email": "damian.blanda@example.com",
    "gender": "male",
    "status": "inactive"
}
]]></system-out>
  </testcase>
  <testcase name="testGetUser" classname="api_test.UserTests2" time="0.513">
    <system-out><![CDATA[HTTP/1.1 200 OK
Date: Wed, 07 Aug 2024 23:12:05 GMT
Content-Type: application/json; charset=utf-8
Transfer-Encoding: chunked
Connection: keep-alive
Cache-Control: max-age=0, private, must-revalidate
etag: W/"47c35af54a9b5725f213a145fd4c2af3"
referrer-policy: strict-origin-when-cross-origin
vary: Origin
x-content-type-options: nosniff
x-download-options: noopen
x-frame-options: SAMEORIGIN
x-permitted-cross-domain-policies: none
x-ratelimit-limit: 90
x-ratelimit-remaining: 89
x-ratelimit-reset: 1
x-request-id: 7e16ae49-cc7d-47d3-90bb-ffd95227b539
x-runtime: 0.151000
x-xss-protection: 0
CF-Cache-Status: DYNAMIC
Report-To: {"endpoints":[{"url":"https:\/\/a.nel.cloudflare.com\/report\/v4?s=gDAPEw8iV0I9%2BizGOgohHRfq8GYwtDZzM23N3AN9yG1F2yR8HALFExk%2F29iBf%2BrxOAJhuTnjOzN7B83QyBV4Kb56V%2BIE93IWaAIjwiYQSk4HQQHoxBs%2F1LuZib%2BveEU%3D"}],"group":"cf-nel","max_age":604800}
NEL: {"success_fraction":0,"report_to":"cf-nel","max_age":604800}
Server: cloudflare
CF-RAY: 8afaf30f98812039-IAD
Content-Encoding: gzip
alt-svc: h3=":443"; ma=86400

{
    "id": 7309960,
    "name": "Sallie Gislason",
    "email": "damian.blanda@example.com",
    "gender": "male",
    "status": "inactive"
}
]]></system-out>
  </testcase>
  <testcase name="testUpdateUser" classname="api_test.UserTests2" time="0.459">
    <system-out><![CDATA[HTTP/1.1 200 OK
Date: Wed, 07 Aug 2024 23:12:05 GMT
Content-Type: application/json; charset=utf-8
Transfer-Encoding: chunked
Connection: keep-alive
Cache-Control: max-age=0, private, must-revalidate
etag: W/"6c3f91c7a8ea5245812a3efdf737d2f8"
referrer-policy: strict-origin-when-cross-origin
vary: Origin
x-content-type-options: nosniff
x-download-options: noopen
x-frame-options: SAMEORIGIN
x-permitted-cross-domain-policies: none
x-ratelimit-limit: 90
x-ratelimit-remaining: 89
x-ratelimit-reset: 2
x-request-id: 6e1d84b5-913c-4733-b799-6e3543a103db
x-runtime: 0.140078
x-xss-protection: 0
CF-Cache-Status: DYNAMIC
Report-To: {"endpoints":[{"url":"https:\/\/a.nel.cloudflare.com\/report\/v4?s=kTvEbysLz70XvETMheV0xCH4BPmpuVWPIQBw5OAX%2BY0kM0AinVwTezZSFOGH54O22raKiBw6SyZW2rHx5YntNhs9mIUwxnmxAlneW8wInSPCXiiz2joZ%2BZ0qX3jSUSY%3D"}],"group":"cf-nel","max_age":604800}
NEL: {"success_fraction":0,"report_to":"cf-nel","max_age":604800}
Server: cloudflare
CF-RAY: 8afaf3128a4bc574-IAD
Content-Encoding: gzip
alt-svc: h3=":443"; ma=86400

{
    "email": "sonja.deckow@example.com",
    "name": "Sallie Gislason",
    "gender": "male",
    "status": "active",
    "id": 7309960
}
]]></system-out>
  </testcase>
  <testcase name="testDeleteUser" classname="api_test.UserTests2" time="0.483">
    <system-out><![CDATA[HTTP/1.1 204 No Content
Date: Wed, 07 Aug 2024 23:12:06 GMT
Connection: keep-alive
Cache-Control: no-cache
referrer-policy: strict-origin-when-cross-origin
vary: Origin
x-content-type-options: nosniff
x-download-options: noopen
x-frame-options: SAMEORIGIN
x-permitted-cross-domain-policies: none
x-ratelimit-limit: 90
x-ratelimit-remaining: 88
x-ratelimit-reset: 2
x-request-id: 3ab51ebc-a440-4da4-bad6-f0ea9de99cad
x-runtime: 0.200410
x-xss-protection: 0
CF-Cache-Status: DYNAMIC
Report-To: {"endpoints":[{"url":"https:\/\/a.nel.cloudflare.com\/report\/v4?s=ppYyoJRKR8cjjCoqY%2BgCpQ0xqSf8kGGkl%2FOqSpJfQzUVYKAxrz1jkxabjqGCzGmnFhsdhtOAVMEgR0c5zTqFxZi9b4Kgqw3d5i0qmc2isx5n90uKWqUR%2FsxXa2PLXY0%3D"}],"group":"cf-nel","max_age":604800}
NEL: {"success_fraction":0,"report_to":"cf-nel","max_age":604800}
Server: cloudflare
CF-RAY: 8afaf3155d1c0823-IAD
alt-svc: h3=":443"; ma=86400
]]></system-out>
  </testcase>
</testsuite>