<?xml version="1.0" encoding="UTF-8"?>
<testng-results ignored="0" total="4" passed="4" failed="0" skipped="0">
  <reporter-output>
  </reporter-output>
  <suite started-at="2024-08-07T18:13:42 EDT" name="GRSuite" finished-at="2024-08-07T18:13:46 EDT" duration-ms="3956">
    <groups>
    </groups>
    <test started-at="2024-08-07T18:13:42 EDT" name="GRTests" finished-at="2024-08-07T18:13:46 EDT" duration-ms="3956">
      <class name="api_test.UserTests2">
        <test-method is-config="true" signature="setUpData()[pri:0, instance:api_test.UserTests2@1b9ea3e3]" started-at="2024-08-07T18:13:42 EDT" name="setUpData" finished-at="2024-08-07T18:13:42 EDT" duration-ms="153" status="PASS">
          <reporter-output>
          </reporter-output>
        </test-method> <!-- setUpData -->
        <test-method signature="testPostUser()[pri:1, instance:api_test.UserTests2@1b9ea3e3]" started-at="2024-08-07T18:13:43 EDT" name="testPostUser" finished-at="2024-08-07T18:13:45 EDT" duration-ms="2195" status="PASS">
          <reporter-output>
          </reporter-output>
        </test-method> <!-- testPostUser -->
        <test-method signature="testGetUser()[pri:2, instance:api_test.UserTests2@1b9ea3e3]" started-at="2024-08-07T18:13:45 EDT" name="testGetUser" finished-at="2024-08-07T18:13:45 EDT" duration-ms="488" status="PASS">
          <reporter-output>
          </reporter-output>
        </test-method> <!-- testGetUser -->
        <test-method signature="testUpdateUser()[pri:3, instance:api_test.UserTests2@1b9ea3e3]" started-at="2024-08-07T18:13:45 EDT" name="testUpdateUser" finished-at="2024-08-07T18:13:46 EDT" duration-ms="482" status="PASS">
          <reporter-output>
          </reporter-output>
        </test-method> <!-- testUpdateUser -->
        <test-method signature="testDeleteUser()[pri:4, instance:api_test.UserTests2@1b9ea3e3]" started-at="2024-08-07T18:13:46 EDT" name="testDeleteUser" finished-at="2024-08-07T18:13:46 EDT" duration-ms="473" status="PASS">
          <reporter-output>
          </reporter-output>
        </test-method> <!-- testDeleteUser -->
      </class> <!-- api_test.UserTests2 -->
    </test> <!-- GRTests -->
  </suite> <!-- GRSuite -->
</testng-results>
